0 info it worked if it ends with ok
1 verbose cli [ 'node', '/usr/local/bin/npm', 'run', 'deploy' ]
2 info using npm@1.4.23
3 info using node@v0.10.31
4 verbose run-script [ 'predeploy', 'deploy', 'postdeploy' ]
5 info predeploy comicadvisorsapp@
6 info deploy comicadvisorsapp@
7 verbose unsafe-perm in lifecycle true
8 info comicadvisorsapp@ Failed to exec deploy script
9 error comicadvisorsapp@ deploy: `DEPLOY_HOSTNAME=galaxy.meteor.com meteor deploy 'comicadvisors.meteorapp.com' --settings ./settings.json`
9 error Exit status 1
10 error Failed at the comicadvisorsapp@ deploy script.
10 error This is most likely a problem with the comicadvisorsapp package,
10 error not with npm itself.
10 error Tell the author that this fails on your system:
10 error     DEPLOY_HOSTNAME=galaxy.meteor.com meteor deploy 'comicadvisors.meteorapp.com' --settings ./settings.json
10 error You can get their info via:
10 error     npm owner ls comicadvisorsapp
10 error There is likely additional logging output above.
11 error System Darwin 16.0.0
12 error command "node" "/usr/local/bin/npm" "run" "deploy"
13 error cwd /Users/joebiggica/Desktop/comicadvisorsapp
14 error node -v v0.10.31
15 error npm -v 1.4.23
16 error code ELIFECYCLE
17 verbose exit [ 1, true ]
